/home/bitdrones/ros2_ws/src/reach_avoid_nv1/install/reach_avoid_nv1/lib/python3.10/site-packages/reach_avoid_nv1/optimal_control_old.py
/home/bitdrones/ros2_ws/src/reach_avoid_nv1/install/reach_avoid_nv1/lib/python3.10/site-packages/reach_avoid_nv1/reach_avoid_node.py
/home/bitdrones/ros2_ws/src/reach_avoid_nv1/install/reach_avoid_nv1/lib/python3.10/site-packages/reach_avoid_nv1/simulation.py
/home/bitdrones/ros2_ws/src/reach_avoid_nv1/install/reach_avoid_nv1/lib/python3.10/site-packages/reach_avoid_nv1/simulation_noise.py
/home/bitdrones/ros2_ws/src/reach_avoid_nv1/install/reach_avoid_nv1/lib/python3.10/site-packages/reach_avoid_nv1/__init__.py
/home/bitdrones/ros2_ws/src/reach_avoid_nv1/install/reach_avoid_nv1/lib/python3.10/site-packages/reach_avoid_nv1/optimal_control_noise.py
/home/bitdrones/ros2_ws/src/reach_avoid_nv1/install/reach_avoid_nv1/lib/python3.10/site-packages/reach_avoid_nv1/optimal_control.py
/home/bitdrones/ros2_ws/src/reach_avoid_nv1/install/reach_avoid_nv1/lib/python3.10/site-packages/reach_avoid_nv1/optimal_control_exp.py
/home/bitdrones/ros2_ws/src/reach_avoid_nv1/install/reach_avoid_nv1/lib/python3.10/site-packages/reach_avoid_nv1/controller_node.py
/home/bitdrones/ros2_ws/src/reach_avoid_nv1/install/reach_avoid_nv1/lib/python3.10/site-packages/reach_avoid_nv1/__pycache__/optimal_control_old.cpython-310.pyc
/home/bitdrones/ros2_ws/src/reach_avoid_nv1/install/reach_avoid_nv1/lib/python3.10/site-packages/reach_avoid_nv1/__pycache__/reach_avoid_node.cpython-310.pyc
/home/bitdrones/ros2_ws/src/reach_avoid_nv1/install/reach_avoid_nv1/lib/python3.10/site-packages/reach_avoid_nv1/__pycache__/simulation.cpython-310.pyc
/home/bitdrones/ros2_ws/src/reach_avoid_nv1/install/reach_avoid_nv1/lib/python3.10/site-packages/reach_avoid_nv1/__pycache__/simulation_noise.cpython-310.pyc
/home/bitdrones/ros2_ws/src/reach_avoid_nv1/install/reach_avoid_nv1/lib/python3.10/site-packages/reach_avoid_nv1/__pycache__/__init__.cpython-310.pyc
/home/bitdrones/ros2_ws/src/reach_avoid_nv1/install/reach_avoid_nv1/lib/python3.10/site-packages/reach_avoid_nv1/__pycache__/optimal_control_noise.cpython-310.pyc
/home/bitdrones/ros2_ws/src/reach_avoid_nv1/install/reach_avoid_nv1/lib/python3.10/site-packages/reach_avoid_nv1/__pycache__/optimal_control.cpython-310.pyc
/home/bitdrones/ros2_ws/src/reach_avoid_nv1/install/reach_avoid_nv1/lib/python3.10/site-packages/reach_avoid_nv1/__pycache__/optimal_control_exp.cpython-310.pyc
/home/bitdrones/ros2_ws/src/reach_avoid_nv1/install/reach_avoid_nv1/lib/python3.10/site-packages/reach_avoid_nv1/__pycache__/controller_node.cpython-310.pyc
/home/bitdrones/ros2_ws/src/reach_avoid_nv1/install/reach_avoid_nv1/share/ament_index/resource_index/packages/reach_avoid_nv1
/home/bitdrones/ros2_ws/src/reach_avoid_nv1/install/reach_avoid_nv1/share/reach_avoid_nv1/package.xml
/home/bitdrones/ros2_ws/src/reach_avoid_nv1/install/reach_avoid_nv1/share/reach_avoid_nv1/launch/reach_avoid_launch.py
/home/bitdrones/ros2_ws/src/reach_avoid_nv1/install/reach_avoid_nv1/lib/python3.10/site-packages/reach_avoid_nv1-0.0.0-py3.10.egg-info/requires.txt
/home/bitdrones/ros2_ws/src/reach_avoid_nv1/install/reach_avoid_nv1/lib/python3.10/site-packages/reach_avoid_nv1-0.0.0-py3.10.egg-info/top_level.txt
/home/bitdrones/ros2_ws/src/reach_avoid_nv1/install/reach_avoid_nv1/lib/python3.10/site-packages/reach_avoid_nv1-0.0.0-py3.10.egg-info/PKG-INFO
/home/bitdrones/ros2_ws/src/reach_avoid_nv1/install/reach_avoid_nv1/lib/python3.10/site-packages/reach_avoid_nv1-0.0.0-py3.10.egg-info/SOURCES.txt
/home/bitdrones/ros2_ws/src/reach_avoid_nv1/install/reach_avoid_nv1/lib/python3.10/site-packages/reach_avoid_nv1-0.0.0-py3.10.egg-info/zip-safe
/home/bitdrones/ros2_ws/src/reach_avoid_nv1/install/reach_avoid_nv1/lib/python3.10/site-packages/reach_avoid_nv1-0.0.0-py3.10.egg-info/dependency_links.txt
/home/bitdrones/ros2_ws/src/reach_avoid_nv1/install/reach_avoid_nv1/lib/python3.10/site-packages/reach_avoid_nv1-0.0.0-py3.10.egg-info/entry_points.txt
/home/bitdrones/ros2_ws/src/reach_avoid_nv1/install/reach_avoid_nv1/lib/reach_avoid_nv1/reach_avoid_node
