running egg_info
creating build/reach_avoid_nv1/reach_avoid_nv1.egg-info
writing build/reach_avoid_nv1/reach_avoid_nv1.egg-info/PKG-INFO
writing dependency_links to build/reach_avoid_nv1/reach_avoid_nv1.egg-info/dependency_links.txt
writing entry points to build/reach_avoid_nv1/reach_avoid_nv1.egg-info/entry_points.txt
writing requirements to build/reach_avoid_nv1/reach_avoid_nv1.egg-info/requires.txt
writing top-level names to build/reach_avoid_nv1/reach_avoid_nv1.egg-info/top_level.txt
writing manifest file 'build/reach_avoid_nv1/reach_avoid_nv1.egg-info/SOURCES.txt'
reading manifest file 'build/reach_avoid_nv1/reach_avoid_nv1.egg-info/SOURCES.txt'
writing manifest file 'build/reach_avoid_nv1/reach_avoid_nv1.egg-info/SOURCES.txt'
running build
running build_py
creating /home/bitdrones/ros2_ws/src/reach_avoid_nv1/build/reach_avoid_nv1/build
creating /home/bitdrones/ros2_ws/src/reach_avoid_nv1/build/reach_avoid_nv1/build/lib
creating /home/bitdrones/ros2_ws/src/reach_avoid_nv1/build/reach_avoid_nv1/build/lib/reach_avoid_nv1
copying reach_avoid_nv1/optimal_control_old.py -> /home/bitdrones/ros2_ws/src/reach_avoid_nv1/build/reach_avoid_nv1/build/lib/reach_avoid_nv1
copying reach_avoid_nv1/reach_avoid_node.py -> /home/bitdrones/ros2_ws/src/reach_avoid_nv1/build/reach_avoid_nv1/build/lib/reach_avoid_nv1
copying reach_avoid_nv1/simulation.py -> /home/bitdrones/ros2_ws/src/reach_avoid_nv1/build/reach_avoid_nv1/build/lib/reach_avoid_nv1
copying reach_avoid_nv1/simulation_noise.py -> /home/bitdrones/ros2_ws/src/reach_avoid_nv1/build/reach_avoid_nv1/build/lib/reach_avoid_nv1
copying reach_avoid_nv1/__init__.py -> /home/bitdrones/ros2_ws/src/reach_avoid_nv1/build/reach_avoid_nv1/build/lib/reach_avoid_nv1
copying reach_avoid_nv1/optimal_control_noise.py -> /home/bitdrones/ros2_ws/src/reach_avoid_nv1/build/reach_avoid_nv1/build/lib/reach_avoid_nv1
copying reach_avoid_nv1/optimal_control.py -> /home/bitdrones/ros2_ws/src/reach_avoid_nv1/build/reach_avoid_nv1/build/lib/reach_avoid_nv1
copying reach_avoid_nv1/optimal_control_exp.py -> /home/bitdrones/ros2_ws/src/reach_avoid_nv1/build/reach_avoid_nv1/build/lib/reach_avoid_nv1
copying reach_avoid_nv1/controller_node.py -> /home/bitdrones/ros2_ws/src/reach_avoid_nv1/build/reach_avoid_nv1/build/lib/reach_avoid_nv1
running install
running install_lib
creating /home/bitdrones/ros2_ws/src/reach_avoid_nv1/install/reach_avoid_nv1/lib/python3.10/site-packages/reach_avoid_nv1
copying /home/bitdrones/ros2_ws/src/reach_avoid_nv1/build/reach_avoid_nv1/build/lib/reach_avoid_nv1/optimal_control_old.py -> /home/bitdrones/ros2_ws/src/reach_avoid_nv1/install/reach_avoid_nv1/lib/python3.10/site-packages/reach_avoid_nv1
copying /home/bitdrones/ros2_ws/src/reach_avoid_nv1/build/reach_avoid_nv1/build/lib/reach_avoid_nv1/reach_avoid_node.py -> /home/bitdrones/ros2_ws/src/reach_avoid_nv1/install/reach_avoid_nv1/lib/python3.10/site-packages/reach_avoid_nv1
copying /home/bitdrones/ros2_ws/src/reach_avoid_nv1/build/reach_avoid_nv1/build/lib/reach_avoid_nv1/simulation.py -> /home/bitdrones/ros2_ws/src/reach_avoid_nv1/install/reach_avoid_nv1/lib/python3.10/site-packages/reach_avoid_nv1
copying /home/bitdrones/ros2_ws/src/reach_avoid_nv1/build/reach_avoid_nv1/build/lib/reach_avoid_nv1/simulation_noise.py -> /home/bitdrones/ros2_ws/src/reach_avoid_nv1/install/reach_avoid_nv1/lib/python3.10/site-packages/reach_avoid_nv1
copying /home/bitdrones/ros2_ws/src/reach_avoid_nv1/build/reach_avoid_nv1/build/lib/reach_avoid_nv1/__init__.py -> /home/bitdrones/ros2_ws/src/reach_avoid_nv1/install/reach_avoid_nv1/lib/python3.10/site-packages/reach_avoid_nv1
copying /home/bitdrones/ros2_ws/src/reach_avoid_nv1/build/reach_avoid_nv1/build/lib/reach_avoid_nv1/optimal_control_noise.py -> /home/bitdrones/ros2_ws/src/reach_avoid_nv1/install/reach_avoid_nv1/lib/python3.10/site-packages/reach_avoid_nv1
copying /home/bitdrones/ros2_ws/src/reach_avoid_nv1/build/reach_avoid_nv1/build/lib/reach_avoid_nv1/optimal_control.py -> /home/bitdrones/ros2_ws/src/reach_avoid_nv1/install/reach_avoid_nv1/lib/python3.10/site-packages/reach_avoid_nv1
copying /home/bitdrones/ros2_ws/src/reach_avoid_nv1/build/reach_avoid_nv1/build/lib/reach_avoid_nv1/optimal_control_exp.py -> /home/bitdrones/ros2_ws/src/reach_avoid_nv1/install/reach_avoid_nv1/lib/python3.10/site-packages/reach_avoid_nv1
copying /home/bitdrones/ros2_ws/src/reach_avoid_nv1/build/reach_avoid_nv1/build/lib/reach_avoid_nv1/controller_node.py -> /home/bitdrones/ros2_ws/src/reach_avoid_nv1/install/reach_avoid_nv1/lib/python3.10/site-packages/reach_avoid_nv1
byte-compiling /home/bitdrones/ros2_ws/src/reach_avoid_nv1/install/reach_avoid_nv1/lib/python3.10/site-packages/reach_avoid_nv1/optimal_control_old.py to optimal_control_old.cpython-310.pyc
byte-compiling /home/bitdrones/ros2_ws/src/reach_avoid_nv1/install/reach_avoid_nv1/lib/python3.10/site-packages/reach_avoid_nv1/reach_avoid_node.py to reach_avoid_node.cpython-310.pyc
byte-compiling /home/bitdrones/ros2_ws/src/reach_avoid_nv1/install/reach_avoid_nv1/lib/python3.10/site-packages/reach_avoid_nv1/simulation.py to simulation.cpython-310.pyc
byte-compiling /home/bitdrones/ros2_ws/src/reach_avoid_nv1/install/reach_avoid_nv1/lib/python3.10/site-packages/reach_avoid_nv1/simulation_noise.py to simulation_noise.cpython-310.pyc
byte-compiling /home/bitdrones/ros2_ws/src/reach_avoid_nv1/install/reach_avoid_nv1/lib/python3.10/site-packages/reach_avoid_nv1/__init__.py to __init__.cpython-310.pyc
byte-compiling /home/bitdrones/ros2_ws/src/reach_avoid_nv1/install/reach_avoid_nv1/lib/python3.10/site-packages/reach_avoid_nv1/optimal_control_noise.py to optimal_control_noise.cpython-310.pyc
byte-compiling /home/bitdrones/ros2_ws/src/reach_avoid_nv1/install/reach_avoid_nv1/lib/python3.10/site-packages/reach_avoid_nv1/optimal_control.py to optimal_control.cpython-310.pyc
byte-compiling /home/bitdrones/ros2_ws/src/reach_avoid_nv1/install/reach_avoid_nv1/lib/python3.10/site-packages/reach_avoid_nv1/optimal_control_exp.py to optimal_control_exp.cpython-310.pyc
byte-compiling /home/bitdrones/ros2_ws/src/reach_avoid_nv1/install/reach_avoid_nv1/lib/python3.10/site-packages/reach_avoid_nv1/controller_node.py to controller_node.cpython-310.pyc
running install_data
creating /home/bitdrones/ros2_ws/src/reach_avoid_nv1/install/reach_avoid_nv1/share/ament_index
creating /home/bitdrones/ros2_ws/src/reach_avoid_nv1/install/reach_avoid_nv1/share/ament_index/resource_index
creating /home/bitdrones/ros2_ws/src/reach_avoid_nv1/install/reach_avoid_nv1/share/ament_index/resource_index/packages
copying resource/reach_avoid_nv1 -> /home/bitdrones/ros2_ws/src/reach_avoid_nv1/install/reach_avoid_nv1/share/ament_index/resource_index/packages
copying package.xml -> /home/bitdrones/ros2_ws/src/reach_avoid_nv1/install/reach_avoid_nv1/share/reach_avoid_nv1
creating /home/bitdrones/ros2_ws/src/reach_avoid_nv1/install/reach_avoid_nv1/share/reach_avoid_nv1/launch
copying launch/reach_avoid_launch.py -> /home/bitdrones/ros2_ws/src/reach_avoid_nv1/install/reach_avoid_nv1/share/reach_avoid_nv1/launch
running install_egg_info
Copying build/reach_avoid_nv1/reach_avoid_nv1.egg-info to /home/bitdrones/ros2_ws/src/reach_avoid_nv1/install/reach_avoid_nv1/lib/python3.10/site-packages/reach_avoid_nv1-0.0.0-py3.10.egg-info
running install_scripts
Installing reach_avoid_node script to /home/bitdrones/ros2_ws/src/reach_avoid_nv1/install/reach_avoid_nv1/lib/reach_avoid_nv1
writing list of installed files to '/home/bitdrones/ros2_ws/src/reach_avoid_nv1/build/reach_avoid_nv1/install.log'
