running develop
running egg_info
creating drone_control.egg-info
writing drone_control.egg-info/PKG-INFO
writing dependency_links to drone_control.egg-info/dependency_links.txt
writing entry points to drone_control.egg-info/entry_points.txt
writing requirements to drone_control.egg-info/requires.txt
writing top-level names to drone_control.egg-info/top_level.txt
writing manifest file 'drone_control.egg-info/SOURCES.txt'
reading manifest file 'drone_control.egg-info/SOURCES.txt'
writing manifest file 'drone_control.egg-info/SOURCES.txt'
running build_ext
Creating /home/quarrg/ros2_ws/install/lib/python3.11/site-packages/drone-control.egg-link (link to .)
Installing controller script to /home/quarrg/ros2_ws/install/lib/drone_control

Installed /home/quarrg/ros2_ws/build/drone_control
running symlink_data
creating /home/quarrg/ros2_ws/install/share
creating /home/quarrg/ros2_ws/install/share/ament_index
creating /home/quarrg/ros2_ws/install/share/ament_index/resource_index
creating /home/quarrg/ros2_ws/install/share/ament_index/resource_index/packages
symbolically linking /home/quarrg/ros2_ws/build/drone_control/resource/drone_control -> /home/quarrg/ros2_ws/install/share/ament_index/resource_index/packages
creating /home/quarrg/ros2_ws/install/share/drone_control
symbolically linking /home/quarrg/ros2_ws/build/drone_control/package.xml -> /home/quarrg/ros2_ws/install/share/drone_control
creating /home/quarrg/ros2_ws/install/share/drone_control/launch
symbolically linking /home/quarrg/ros2_ws/build/drone_control/launch/multidrone_launch.py -> /home/quarrg/ros2_ws/install/share/drone_control/launch
