[0.383s] Invoking command in '/home/quarrg/ros2_ws/build/drone_control': CONDA_PROMPT_MODIFIER=(ros_humble) PYTHONPATH=/home/quarrg/ros2_ws/build/drone_control/prefix_override:/home/quarrg/miniforge3/envs/ros_humble/lib/python3.11/site-packages/colcon_core/task/python/colcon_distutils_commands:/home/quarrg/ros2_ws/install/lib/python3.11/site-packages:${PYTHONPATH} /home/quarrg/miniforge3/envs/ros_humble/bin/python3.11 -W ignore:setup.py install is deprecated -W ignore:easy_install command is deprecated setup.py develop --editable --build-directory /home/quarrg/ros2_ws/build/drone_control/build --no-deps symlink_data
[0.536s] running develop
[0.647s] running egg_info
[0.647s] creating drone_control.egg-info
[0.647s] writing drone_control.egg-info/PKG-INFO
[0.647s] writing dependency_links to drone_control.egg-info/dependency_links.txt
[0.647s] writing entry points to drone_control.egg-info/entry_points.txt
[0.647s] writing requirements to drone_control.egg-info/requires.txt
[0.647s] writing top-level names to drone_control.egg-info/top_level.txt
[0.647s] writing manifest file 'drone_control.egg-info/SOURCES.txt'
[0.648s] reading manifest file 'drone_control.egg-info/SOURCES.txt'
[0.648s] writing manifest file 'drone_control.egg-info/SOURCES.txt'
[0.649s] running build_ext
[0.649s] Creating /home/quarrg/ros2_ws/install/lib/python3.11/site-packages/drone-control.egg-link (link to .)
[0.650s] Installing controller script to /home/quarrg/ros2_ws/install/lib/drone_control
[0.650s] 
[0.650s] Installed /home/quarrg/ros2_ws/build/drone_control
[0.650s] running symlink_data
[0.650s] creating /home/quarrg/ros2_ws/install/share
[0.650s] creating /home/quarrg/ros2_ws/install/share/ament_index
[0.650s] creating /home/quarrg/ros2_ws/install/share/ament_index/resource_index
[0.650s] creating /home/quarrg/ros2_ws/install/share/ament_index/resource_index/packages
[0.650s] symbolically linking /home/quarrg/ros2_ws/build/drone_control/resource/drone_control -> /home/quarrg/ros2_ws/install/share/ament_index/resource_index/packages
[0.650s] creating /home/quarrg/ros2_ws/install/share/drone_control
[0.650s] symbolically linking /home/quarrg/ros2_ws/build/drone_control/package.xml -> /home/quarrg/ros2_ws/install/share/drone_control
[0.650s] creating /home/quarrg/ros2_ws/install/share/drone_control/launch
[0.650s] symbolically linking /home/quarrg/ros2_ws/build/drone_control/launch/multidrone_launch.py -> /home/quarrg/ros2_ws/install/share/drone_control/launch
[0.670s] Invoked command in '/home/quarrg/ros2_ws/build/drone_control' returned '0': CONDA_PROMPT_MODIFIER=(ros_humble) PYTHONPATH=/home/quarrg/ros2_ws/build/drone_control/prefix_override:/home/quarrg/miniforge3/envs/ros_humble/lib/python3.11/site-packages/colcon_core/task/python/colcon_distutils_commands:/home/quarrg/ros2_ws/install/lib/python3.11/site-packages:${PYTHONPATH} /home/quarrg/miniforge3/envs/ros_humble/bin/python3.11 -W ignore:setup.py install is deprecated -W ignore:easy_install command is deprecated setup.py develop --editable --build-directory /home/quarrg/ros2_ws/build/drone_control/build --no-deps symlink_data
