running egg_info
writing build/reach_avoid_nv1/reach_avoid_nv1.egg-info/PKG-INFO
writing dependency_links to build/reach_avoid_nv1/reach_avoid_nv1.egg-info/dependency_links.txt
writing entry points to build/reach_avoid_nv1/reach_avoid_nv1.egg-info/entry_points.txt
writing requirements to build/reach_avoid_nv1/reach_avoid_nv1.egg-info/requires.txt
writing top-level names to build/reach_avoid_nv1/reach_avoid_nv1.egg-info/top_level.txt
reading manifest file 'build/reach_avoid_nv1/reach_avoid_nv1.egg-info/SOURCES.txt'
writing manifest file 'build/reach_avoid_nv1/reach_avoid_nv1.egg-info/SOURCES.txt'
running build
running build_py
copying reach_avoid_nv1/optimal_control.py -> /home/bitdrones/ros2_ws/src/reach_avoid_nv1/build/reach_avoid_nv1/build/lib/reach_avoid_nv1
running install
running install_lib
copying /home/bitdrones/ros2_ws/src/reach_avoid_nv1/build/reach_avoid_nv1/build/lib/reach_avoid_nv1/optimal_control.py -> /home/bitdrones/ros2_ws/src/reach_avoid_nv1/install/reach_avoid_nv1/lib/python3.10/site-packages/reach_avoid_nv1
byte-compiling /home/bitdrones/ros2_ws/src/reach_avoid_nv1/install/reach_avoid_nv1/lib/python3.10/site-packages/reach_avoid_nv1/optimal_control.py to optimal_control.cpython-310.pyc
running install_data
running install_egg_info
removing '/home/bitdrones/ros2_ws/src/reach_avoid_nv1/install/reach_avoid_nv1/lib/python3.10/site-packages/reach_avoid_nv1-0.0.0-py3.10.egg-info' (and everything under it)
Copying build/reach_avoid_nv1/reach_avoid_nv1.egg-info to /home/bitdrones/ros2_ws/src/reach_avoid_nv1/install/reach_avoid_nv1/lib/python3.10/site-packages/reach_avoid_nv1-0.0.0-py3.10.egg-info
running install_scripts
Installing reach_avoid_node script to /home/bitdrones/ros2_ws/src/reach_avoid_nv1/install/reach_avoid_nv1/lib/reach_avoid_nv1
writing list of installed files to '/home/bitdrones/ros2_ws/src/reach_avoid_nv1/build/reach_avoid_nv1/install.log'
