[2.942s] Invoking command in '/home/bitdrones/ros2_ws/src/reach_avoid_nv1': PYTHONPATH=/home/bitdrones/ros2_ws/src/reach_avoid_nv1/build/reach_avoid_nv1/prefix_override:/usr/lib/python3/dist-packages/colcon_core/task/python/colcon_distutils_commands:/home/bitdrones/ros2_ws/src/reach_avoid_nv1/install/reach_avoid_nv1/lib/python3.10/site-packages:${PYTHONPATH} /usr/bin/python3 -W ignore:setup.py install is deprecated setup.py egg_info --egg-base build/reach_avoid_nv1 build --build-base /home/bitdrones/ros2_ws/src/reach_avoid_nv1/build/reach_avoid_nv1/build install --record /home/bitdrones/ros2_ws/src/reach_avoid_nv1/build/reach_avoid_nv1/install.log --single-version-externally-managed install_data
[4.000s] running egg_info
[4.049s] writing build/reach_avoid_nv1/reach_avoid_nv1.egg-info/PKG-INFO
[4.049s] writing dependency_links to build/reach_avoid_nv1/reach_avoid_nv1.egg-info/dependency_links.txt
[4.050s] writing entry points to build/reach_avoid_nv1/reach_avoid_nv1.egg-info/entry_points.txt
[4.050s] writing requirements to build/reach_avoid_nv1/reach_avoid_nv1.egg-info/requires.txt
[4.051s] writing top-level names to build/reach_avoid_nv1/reach_avoid_nv1.egg-info/top_level.txt
[4.240s] reading manifest file 'build/reach_avoid_nv1/reach_avoid_nv1.egg-info/SOURCES.txt'
[4.242s] writing manifest file 'build/reach_avoid_nv1/reach_avoid_nv1.egg-info/SOURCES.txt'
[4.242s] running build
[4.242s] running build_py
[4.243s] copying reach_avoid_nv1/optimal_control.py -> /home/bitdrones/ros2_ws/src/reach_avoid_nv1/build/reach_avoid_nv1/build/lib/reach_avoid_nv1
[4.243s] running install
[4.251s] running install_lib
[4.331s] copying /home/bitdrones/ros2_ws/src/reach_avoid_nv1/build/reach_avoid_nv1/build/lib/reach_avoid_nv1/optimal_control.py -> /home/bitdrones/ros2_ws/src/reach_avoid_nv1/install/reach_avoid_nv1/lib/python3.10/site-packages/reach_avoid_nv1
[4.334s] byte-compiling /home/bitdrones/ros2_ws/src/reach_avoid_nv1/install/reach_avoid_nv1/lib/python3.10/site-packages/reach_avoid_nv1/optimal_control.py to optimal_control.cpython-310.pyc
[4.344s] running install_data
[4.344s] running install_egg_info
[4.452s] removing '/home/bitdrones/ros2_ws/src/reach_avoid_nv1/install/reach_avoid_nv1/lib/python3.10/site-packages/reach_avoid_nv1-0.0.0-py3.10.egg-info' (and everything under it)
[4.453s] Copying build/reach_avoid_nv1/reach_avoid_nv1.egg-info to /home/bitdrones/ros2_ws/src/reach_avoid_nv1/install/reach_avoid_nv1/lib/python3.10/site-packages/reach_avoid_nv1-0.0.0-py3.10.egg-info
[4.456s] running install_scripts
[5.348s] Installing reach_avoid_node script to /home/bitdrones/ros2_ws/src/reach_avoid_nv1/install/reach_avoid_nv1/lib/reach_avoid_nv1
[5.350s] writing list of installed files to '/home/bitdrones/ros2_ws/src/reach_avoid_nv1/build/reach_avoid_nv1/install.log'
[5.413s] Invoked command in '/home/bitdrones/ros2_ws/src/reach_avoid_nv1' returned '0': PYTHONPATH=/home/bitdrones/ros2_ws/src/reach_avoid_nv1/build/reach_avoid_nv1/prefix_override:/usr/lib/python3/dist-packages/colcon_core/task/python/colcon_distutils_commands:/home/bitdrones/ros2_ws/src/reach_avoid_nv1/install/reach_avoid_nv1/lib/python3.10/site-packages:${PYTHONPATH} /usr/bin/python3 -W ignore:setup.py install is deprecated setup.py egg_info --egg-base build/reach_avoid_nv1 build --build-base /home/bitdrones/ros2_ws/src/reach_avoid_nv1/build/reach_avoid_nv1/build install --record /home/bitdrones/ros2_ws/src/reach_avoid_nv1/build/reach_avoid_nv1/install.log --single-version-externally-managed install_data
