[3.341s] Invoking command in '/home/bitdrones/ros2_ws/src/reach_avoid_nv1': PYTHONPATH=/home/bitdrones/ros2_ws/src/reach_avoid_nv1/build/reach_avoid_nv1/prefix_override:/usr/lib/python3/dist-packages/colcon_core/task/python/colcon_distutils_commands:/home/bitdrones/ros2_ws/src/reach_avoid_nv1/install/reach_avoid_nv1/lib/python3.10/site-packages:${PYTHONPATH} /usr/bin/python3 -W ignore:setup.py install is deprecated setup.py egg_info --egg-base build/reach_avoid_nv1 build --build-base /home/bitdrones/ros2_ws/src/reach_avoid_nv1/build/reach_avoid_nv1/build install --record /home/bitdrones/ros2_ws/src/reach_avoid_nv1/build/reach_avoid_nv1/install.log --single-version-externally-managed install_data
[4.345s] running egg_info
[4.444s] writing build/reach_avoid_nv1/reach_avoid_nv1.egg-info/PKG-INFO
[4.445s] writing dependency_links to build/reach_avoid_nv1/reach_avoid_nv1.egg-info/dependency_links.txt
[4.446s] writing entry points to build/reach_avoid_nv1/reach_avoid_nv1.egg-info/entry_points.txt
[4.446s] writing requirements to build/reach_avoid_nv1/reach_avoid_nv1.egg-info/requires.txt
[4.447s] writing top-level names to build/reach_avoid_nv1/reach_avoid_nv1.egg-info/top_level.txt
[4.653s] reading manifest file 'build/reach_avoid_nv1/reach_avoid_nv1.egg-info/SOURCES.txt'
[4.656s] writing manifest file 'build/reach_avoid_nv1/reach_avoid_nv1.egg-info/SOURCES.txt'
[4.657s] running build
[4.657s] running build_py
[4.658s] copying reach_avoid_nv1/reach_avoid_node.py -> /home/bitdrones/ros2_ws/src/reach_avoid_nv1/build/reach_avoid_nv1/build/lib/reach_avoid_nv1
[4.660s] running install
[4.679s] running install_lib
[4.781s] copying /home/bitdrones/ros2_ws/src/reach_avoid_nv1/build/reach_avoid_nv1/build/lib/reach_avoid_nv1/reach_avoid_node.py -> /home/bitdrones/ros2_ws/src/reach_avoid_nv1/install/reach_avoid_nv1/lib/python3.10/site-packages/reach_avoid_nv1
[4.784s] byte-compiling /home/bitdrones/ros2_ws/src/reach_avoid_nv1/install/reach_avoid_nv1/lib/python3.10/site-packages/reach_avoid_nv1/reach_avoid_node.py to reach_avoid_node.cpython-310.pyc
[4.796s] running install_data
[4.796s] running install_egg_info
[4.902s] removing '/home/bitdrones/ros2_ws/src/reach_avoid_nv1/install/reach_avoid_nv1/lib/python3.10/site-packages/reach_avoid_nv1-0.0.0-py3.10.egg-info' (and everything under it)
[4.903s] Copying build/reach_avoid_nv1/reach_avoid_nv1.egg-info to /home/bitdrones/ros2_ws/src/reach_avoid_nv1/install/reach_avoid_nv1/lib/python3.10/site-packages/reach_avoid_nv1-0.0.0-py3.10.egg-info
[4.906s] running install_scripts
[5.795s] Installing reach_avoid_node script to /home/bitdrones/ros2_ws/src/reach_avoid_nv1/install/reach_avoid_nv1/lib/reach_avoid_nv1
[5.797s] writing list of installed files to '/home/bitdrones/ros2_ws/src/reach_avoid_nv1/build/reach_avoid_nv1/install.log'
[5.859s] Invoked command in '/home/bitdrones/ros2_ws/src/reach_avoid_nv1' returned '0': PYTHONPATH=/home/bitdrones/ros2_ws/src/reach_avoid_nv1/build/reach_avoid_nv1/prefix_override:/usr/lib/python3/dist-packages/colcon_core/task/python/colcon_distutils_commands:/home/bitdrones/ros2_ws/src/reach_avoid_nv1/install/reach_avoid_nv1/lib/python3.10/site-packages:${PYTHONPATH} /usr/bin/python3 -W ignore:setup.py install is deprecated setup.py egg_info --egg-base build/reach_avoid_nv1 build --build-base /home/bitdrones/ros2_ws/src/reach_avoid_nv1/build/reach_avoid_nv1/build install --record /home/bitdrones/ros2_ws/src/reach_avoid_nv1/build/reach_avoid_nv1/install.log --single-version-externally-managed install_data
