[0.173s] [34mcolcon[0m [1;30mDEBUG[0m [32mCommand line arguments: ['/usr/bin/colcon', 'build', '--packages-select', 'reach_avoid_nv1'][0m
[0.173s] [34mcolcon[0m [1;30mDEBUG[0m [32mParsed command line arguments: Namespace(log_base=None, log_level=None, verb_name='build', build_base='build', install_base='install', merge_install=False, symlink_install=False, test_result_base=None, continue_on_error=False, executor='parallel', parallel_workers=12, event_handlers=None, ignore_user_meta=False, metas=['./colcon.meta'], base_paths=['.'], packages_ignore=None, packages_ignore_regex=None, paths=None, packages_up_to=None, packages_up_to_regex=None, packages_above=None, packages_above_and_dependencies=None, packages_above_depth=None, packages_select_by_dep=None, packages_skip_by_dep=None, packages_skip_up_to=None, packages_select_build_failed=False, packages_skip_build_finished=False, packages_select_test_failures=False, packages_skip_test_passed=False, packages_select=['reach_avoid_nv1'], packages_skip=None, packages_select_regex=None, packages_skip_regex=None, packages_start=None, packages_end=None, allow_overriding=[], cmake_args=None, cmake_target=None, cmake_target_skip_unavailable=False, cmake_clean_cache=False, cmake_clean_first=False, cmake_force_configure=False, ament_cmake_args=None, catkin_cmake_args=None, catkin_skip_building_tests=False, mixin_files=None, mixin=None, verb_parser=<colcon_mixin.mixin.mixin_argument.MixinArgumentDecorator object at 0x73cfdc360fd0>, verb_extension=<colcon_core.verb.build.BuildVerb object at 0x73cfdc4696f0>, main=<bound method BuildVerb.main of <colcon_core.verb.build.BuildVerb object at 0x73cfdc4696f0>>, mixin_verb=('build',))[0m
[0.219s] [34mcolcon.colcon_core.package_discovery[0m [1;30mLevel 1[0m discover_packages(colcon_meta) check parameters
[0.219s] [34mcolcon.colcon_core.package_discovery[0m [1;30mLevel 1[0m discover_packages(recursive) check parameters
[0.219s] [34mcolcon.colcon_core.package_discovery[0m [1;30mLevel 1[0m discover_packages(ignore) check parameters
[0.219s] [34mcolcon.colcon_core.package_discovery[0m [1;30mLevel 1[0m discover_packages(path) check parameters
[0.219s] [34mcolcon.colcon_core.package_discovery[0m [1;30mLevel 1[0m discover_packages(colcon_meta) discover
[0.219s] [34mcolcon.colcon_core.package_discovery[0m [1;30mLevel 1[0m discover_packages(recursive) discover
[0.219s] [34mcolcon.colcon_core.package_discovery[0m [1;30mINFO[0m Crawling recursively for packages in '/home/bitdrones/ros2_ws/src/reach_avoid_nv1'
[0.219s] [34mcolcon.colcon_core.package_identification[0m [1;30mLevel 1[0m _identify(.) by extensions ['ignore', 'ignore_ament_install']
[0.220s] [34mcolcon.colcon_core.package_identification[0m [1;30mLevel 1[0m _identify(.) by extension 'ignore'
[0.220s] [34mcolcon.colcon_core.package_identification[0m [1;30mLevel 1[0m _identify(.) by extension 'ignore_ament_install'
[0.220s] [34mcolcon.colcon_core.package_identification[0m [1;30mLevel 1[0m _identify(.) by extensions ['colcon_pkg']
[0.220s] [34mcolcon.colcon_core.package_identification[0m [1;30mLevel 1[0m _identify(.) by extension 'colcon_pkg'
[0.220s] [34mcolcon.colcon_core.package_identification[0m [1;30mLevel 1[0m _identify(.) by extensions ['colcon_meta']
[0.220s] [34mcolcon.colcon_core.package_identification[0m [1;30mLevel 1[0m _identify(.) by extension 'colcon_meta'
[0.220s] [34mcolcon.colcon_core.package_identification[0m [1;30mLevel 1[0m _identify(.) by extensions ['ros']
[0.220s] [34mcolcon.colcon_core.package_identification[0m [1;30mLevel 1[0m _identify(.) by extension 'ros'
[0.241s] [34mcolcon.colcon_core.package_identification[0m [1;30mDEBUG[0m [32mPackage '.' with type 'ros.ament_python' and name 'reach_avoid_nv1'[0m
[0.241s] [34mcolcon.colcon_core.package_discovery[0m [1;30mLevel 1[0m discover_packages(recursive) using defaults
[0.241s] [34mcolcon.colcon_core.package_discovery[0m [1;30mLevel 1[0m discover_packages(ignore) discover
[0.241s] [34mcolcon.colcon_core.package_discovery[0m [1;30mLevel 1[0m discover_packages(ignore) using defaults
[0.242s] [34mcolcon.colcon_core.package_discovery[0m [1;30mLevel 1[0m discover_packages(path) discover
[0.242s] [34mcolcon.colcon_core.package_discovery[0m [1;30mLevel 1[0m discover_packages(path) using defaults
[0.262s] [34mcolcon.colcon_core.package_discovery[0m [1;30mLevel 1[0m discover_packages(prefix_path) check parameters
[0.262s] [34mcolcon.colcon_core.package_discovery[0m [1;30mLevel 1[0m discover_packages(prefix_path) discover
[0.265s] [34mcolcon.colcon_installed_package_information.package_discovery[0m [1;30mDEBUG[0m [32mFound 16 installed packages in /home/bitdrones/ros2_ws/install[0m
[0.267s] [34mcolcon.colcon_installed_package_information.package_discovery[0m [1;30mDEBUG[0m [32mFound 271 installed packages in /opt/ros/humble[0m
[0.269s] [34mcolcon.colcon_core.package_discovery[0m [1;30mLevel 1[0m discover_packages(prefix_path) using defaults
[0.323s] [34mcolcon.colcon_core.verb[0m [1;30mLevel 5[0m set package 'reach_avoid_nv1' build argument 'cmake_args' from command line to 'None'
[0.323s] [34mcolcon.colcon_core.verb[0m [1;30mLevel 5[0m set package 'reach_avoid_nv1' build argument 'cmake_target' from command line to 'None'
[0.323s] [34mcolcon.colcon_core.verb[0m [1;30mLevel 5[0m set package 'reach_avoid_nv1' build argument 'cmake_target_skip_unavailable' from command line to 'False'
[0.323s] [34mcolcon.colcon_core.verb[0m [1;30mLevel 5[0m set package 'reach_avoid_nv1' build argument 'cmake_clean_cache' from command line to 'False'
[0.323s] [34mcolcon.colcon_core.verb[0m [1;30mLevel 5[0m set package 'reach_avoid_nv1' build argument 'cmake_clean_first' from command line to 'False'
[0.323s] [34mcolcon.colcon_core.verb[0m [1;30mLevel 5[0m set package 'reach_avoid_nv1' build argument 'cmake_force_configure' from command line to 'False'
[0.323s] [34mcolcon.colcon_core.verb[0m [1;30mLevel 5[0m set package 'reach_avoid_nv1' build argument 'ament_cmake_args' from command line to 'None'
[0.323s] [34mcolcon.colcon_core.verb[0m [1;30mLevel 5[0m set package 'reach_avoid_nv1' build argument 'catkin_cmake_args' from command line to 'None'
[0.323s] [34mcolcon.colcon_core.verb[0m [1;30mLevel 5[0m set package 'reach_avoid_nv1' build argument 'catkin_skip_building_tests' from command line to 'False'
[0.323s] [34mcolcon.colcon_core.verb[0m [1;30mDEBUG[0m [32mBuilding package 'reach_avoid_nv1' with the following arguments: {'ament_cmake_args': None, 'build_base': '/home/bitdrones/ros2_ws/src/reach_avoid_nv1/build/reach_avoid_nv1', 'catkin_cmake_args': None, 'catkin_skip_building_tests': False, 'cmake_args': None, 'cmake_clean_cache': False, 'cmake_clean_first': False, 'cmake_force_configure': False, 'cmake_target': None, 'cmake_target_skip_unavailable': False, 'install_base': '/home/bitdrones/ros2_ws/src/reach_avoid_nv1/install/reach_avoid_nv1', 'merge_install': False, 'path': '/home/bitdrones/ros2_ws/src/reach_avoid_nv1', 'symlink_install': False, 'test_result_base': None}[0m
[0.324s] [34mcolcon.colcon_core.executor[0m [1;30mINFO[0m Executing jobs using 'parallel' executor
[0.325s] [34mcolcon.colcon_parallel_executor.executor.parallel[0m [1;30mDEBUG[0m [32mrun_until_complete[0m
[0.325s] [34mcolcon.colcon_ros.task.ament_python.build[0m [1;30mINFO[0m Building ROS package in '/home/bitdrones/ros2_ws/src/reach_avoid_nv1' with build type 'ament_python'
[0.326s] [34mcolcon.colcon_core.shell[0m [1;30mLevel 1[0m create_environment_hook('reach_avoid_nv1', 'ament_prefix_path')
[0.329s] [34mcolcon.colcon_core.plugin_system[0m [1;30mINFO[0m Skipping extension 'colcon_core.shell.bat': Not used on non-Windows systems
[0.330s] [34mcolcon.colcon_core.shell[0m [1;30mINFO[0m Creating environment hook '/home/bitdrones/ros2_ws/src/reach_avoid_nv1/install/reach_avoid_nv1/share/reach_avoid_nv1/hook/ament_prefix_path.ps1'
[0.331s] [34mcolcon.colcon_core.shell[0m [1;30mINFO[0m Creating environment descriptor '/home/bitdrones/ros2_ws/src/reach_avoid_nv1/install/reach_avoid_nv1/share/reach_avoid_nv1/hook/ament_prefix_path.dsv'
[0.331s] [34mcolcon.colcon_core.shell[0m [1;30mINFO[0m Creating environment hook '/home/bitdrones/ros2_ws/src/reach_avoid_nv1/install/reach_avoid_nv1/share/reach_avoid_nv1/hook/ament_prefix_path.sh'
[0.333s] [34mcolcon.colcon_core.shell[0m [1;30mINFO[0m Skip shell extension 'powershell' for command environment: Not usable outside of PowerShell
[0.333s] [34mcolcon.colcon_core.shell[0m [1;30mDEBUG[0m [32mSkip shell extension 'dsv' for command environment[0m
[1.029s] [34mcolcon.colcon_core.task.python.build[0m [1;30mINFO[0m Building Python package in '/home/bitdrones/ros2_ws/src/reach_avoid_nv1'
[1.030s] [34mcolcon.colcon_core.shell[0m [1;30mINFO[0m Skip shell extension 'powershell' for command environment: Not usable outside of PowerShell
[1.030s] [34mcolcon.colcon_core.shell[0m [1;30mDEBUG[0m [32mSkip shell extension 'dsv' for command environment[0m
[3.269s] [34mcolcon.colcon_core.event_handler.log_command[0m [1;30mDEBUG[0m [32mInvoking command in '/home/bitdrones/ros2_ws/src/reach_avoid_nv1': PYTHONPATH=/home/bitdrones/ros2_ws/src/reach_avoid_nv1/build/reach_avoid_nv1/prefix_override:/usr/lib/python3/dist-packages/colcon_core/task/python/colcon_distutils_commands:/home/bitdrones/ros2_ws/src/reach_avoid_nv1/install/reach_avoid_nv1/lib/python3.10/site-packages:${PYTHONPATH} /usr/bin/python3 -W ignore:setup.py install is deprecated setup.py egg_info --egg-base build/reach_avoid_nv1 build --build-base /home/bitdrones/ros2_ws/src/reach_avoid_nv1/build/reach_avoid_nv1/build install --record /home/bitdrones/ros2_ws/src/reach_avoid_nv1/build/reach_avoid_nv1/install.log --single-version-externally-managed install_data[0m
[5.739s] [34mcolcon.colcon_core.event_handler.log_command[0m [1;30mDEBUG[0m [32mInvoked command in '/home/bitdrones/ros2_ws/src/reach_avoid_nv1' returned '0': PYTHONPATH=/home/bitdrones/ros2_ws/src/reach_avoid_nv1/build/reach_avoid_nv1/prefix_override:/usr/lib/python3/dist-packages/colcon_core/task/python/colcon_distutils_commands:/home/bitdrones/ros2_ws/src/reach_avoid_nv1/install/reach_avoid_nv1/lib/python3.10/site-packages:${PYTHONPATH} /usr/bin/python3 -W ignore:setup.py install is deprecated setup.py egg_info --egg-base build/reach_avoid_nv1 build --build-base /home/bitdrones/ros2_ws/src/reach_avoid_nv1/build/reach_avoid_nv1/build install --record /home/bitdrones/ros2_ws/src/reach_avoid_nv1/build/reach_avoid_nv1/install.log --single-version-externally-managed install_data[0m
[5.748s] [34mcolcon.colcon_core.environment[0m [1;30mLevel 1[0m checking '/home/bitdrones/ros2_ws/src/reach_avoid_nv1/install/reach_avoid_nv1' for CMake module files
[5.749s] [34mcolcon.colcon_core.environment[0m [1;30mLevel 1[0m checking '/home/bitdrones/ros2_ws/src/reach_avoid_nv1/install/reach_avoid_nv1' for CMake config files
[5.752s] [34mcolcon.colcon_core.environment[0m [1;30mLevel 1[0m checking '/home/bitdrones/ros2_ws/src/reach_avoid_nv1/install/reach_avoid_nv1/lib'
[5.752s] [34mcolcon.colcon_core.environment[0m [1;30mLevel 1[0m checking '/home/bitdrones/ros2_ws/src/reach_avoid_nv1/install/reach_avoid_nv1/bin'
[5.753s] [34mcolcon.colcon_core.environment[0m [1;30mLevel 1[0m checking '/home/bitdrones/ros2_ws/src/reach_avoid_nv1/install/reach_avoid_nv1/lib/pkgconfig/reach_avoid_nv1.pc'
[5.754s] [34mcolcon.colcon_core.environment[0m [1;30mLevel 1[0m checking '/home/bitdrones/ros2_ws/src/reach_avoid_nv1/install/reach_avoid_nv1/lib/python3.10/site-packages'
[5.754s] [34mcolcon.colcon_core.shell[0m [1;30mLevel 1[0m create_environment_hook('reach_avoid_nv1', 'pythonpath')
[5.755s] [34mcolcon.colcon_core.shell[0m [1;30mINFO[0m Creating environment hook '/home/bitdrones/ros2_ws/src/reach_avoid_nv1/install/reach_avoid_nv1/share/reach_avoid_nv1/hook/pythonpath.ps1'
[5.757s] [34mcolcon.colcon_core.shell[0m [1;30mINFO[0m Creating environment descriptor '/home/bitdrones/ros2_ws/src/reach_avoid_nv1/install/reach_avoid_nv1/share/reach_avoid_nv1/hook/pythonpath.dsv'
[5.758s] [34mcolcon.colcon_core.shell[0m [1;30mINFO[0m Creating environment hook '/home/bitdrones/ros2_ws/src/reach_avoid_nv1/install/reach_avoid_nv1/share/reach_avoid_nv1/hook/pythonpath.sh'
[5.759s] [34mcolcon.colcon_core.environment[0m [1;30mLevel 1[0m checking '/home/bitdrones/ros2_ws/src/reach_avoid_nv1/install/reach_avoid_nv1/bin'
[5.760s] [34mcolcon.colcon_core.environment[0m [1;30mLevel 1[0m create_environment_scripts_only(reach_avoid_nv1)
[5.761s] [34mcolcon.colcon_core.shell[0m [1;30mINFO[0m Creating package script '/home/bitdrones/ros2_ws/src/reach_avoid_nv1/install/reach_avoid_nv1/share/reach_avoid_nv1/package.ps1'
[5.764s] [34mcolcon.colcon_core.shell[0m [1;30mINFO[0m Creating package descriptor '/home/bitdrones/ros2_ws/src/reach_avoid_nv1/install/reach_avoid_nv1/share/reach_avoid_nv1/package.dsv'
[5.766s] [34mcolcon.colcon_core.shell[0m [1;30mINFO[0m Creating package script '/home/bitdrones/ros2_ws/src/reach_avoid_nv1/install/reach_avoid_nv1/share/reach_avoid_nv1/package.sh'
[5.769s] [34mcolcon.colcon_core.shell[0m [1;30mINFO[0m Creating package script '/home/bitdrones/ros2_ws/src/reach_avoid_nv1/install/reach_avoid_nv1/share/reach_avoid_nv1/package.bash'
[5.771s] [34mcolcon.colcon_core.shell[0m [1;30mINFO[0m Creating package script '/home/bitdrones/ros2_ws/src/reach_avoid_nv1/install/reach_avoid_nv1/share/reach_avoid_nv1/package.zsh'
[5.773s] [34mcolcon.colcon_core.environment[0m [1;30mLevel 1[0m create_file_with_runtime_dependencies(/home/bitdrones/ros2_ws/src/reach_avoid_nv1/install/reach_avoid_nv1/share/colcon-core/packages/reach_avoid_nv1)
[5.775s] [34mcolcon.colcon_parallel_executor.executor.parallel[0m [1;30mDEBUG[0m [32mclosing loop[0m
[5.775s] [34mcolcon.colcon_parallel_executor.executor.parallel[0m [1;30mDEBUG[0m [32mloop closed[0m
[5.776s] [34mcolcon.colcon_parallel_executor.executor.parallel[0m [1;30mDEBUG[0m [32mrun_until_complete finished with '0'[0m
[5.776s] [34mcolcon.colcon_core.event_reactor[0m [1;30mDEBUG[0m [32mjoining thread[0m
[5.788s] [34mcolcon.colcon_core.plugin_system[0m [1;30mINFO[0m Skipping extension 'colcon_notification.desktop_notification.terminal_notifier': Not used on non-Darwin systems
[5.788s] [34mcolcon.colcon_core.plugin_system[0m [1;30mINFO[0m Skipping extension 'colcon_notification.desktop_notification.win32': Not used on non-Windows systems
[5.788s] [34mcolcon.colcon_notification.desktop_notification[0m [1;30mINFO[0m Sending desktop notification using 'notify2'
[5.833s] [34mcolcon.colcon_core.event_reactor[0m [1;30mDEBUG[0m [32mjoined thread[0m
[5.834s] [34mcolcon.colcon_core.shell[0m [1;30mINFO[0m Creating prefix script '/home/bitdrones/ros2_ws/src/reach_avoid_nv1/install/local_setup.ps1'
[5.837s] [34mcolcon.colcon_core.shell[0m [1;30mINFO[0m Creating prefix util module '/home/bitdrones/ros2_ws/src/reach_avoid_nv1/install/_local_setup_util_ps1.py'
[5.842s] [34mcolcon.colcon_core.shell[0m [1;30mINFO[0m Creating prefix chain script '/home/bitdrones/ros2_ws/src/reach_avoid_nv1/install/setup.ps1'
[5.849s] [34mcolcon.colcon_core.shell[0m [1;30mINFO[0m Creating prefix script '/home/bitdrones/ros2_ws/src/reach_avoid_nv1/install/local_setup.sh'
[5.850s] [34mcolcon.colcon_core.shell[0m [1;30mINFO[0m Creating prefix util module '/home/bitdrones/ros2_ws/src/reach_avoid_nv1/install/_local_setup_util_sh.py'
[5.852s] [34mcolcon.colcon_core.shell[0m [1;30mINFO[0m Creating prefix chain script '/home/bitdrones/ros2_ws/src/reach_avoid_nv1/install/setup.sh'
[5.859s] [34mcolcon.colcon_core.shell[0m [1;30mINFO[0m Creating prefix script '/home/bitdrones/ros2_ws/src/reach_avoid_nv1/install/local_setup.bash'
[5.861s] [34mcolcon.colcon_core.shell[0m [1;30mINFO[0m Creating prefix chain script '/home/bitdrones/ros2_ws/src/reach_avoid_nv1/install/setup.bash'
[5.867s] [34mcolcon.colcon_core.shell[0m [1;30mINFO[0m Creating prefix script '/home/bitdrones/ros2_ws/src/reach_avoid_nv1/install/local_setup.zsh'
[5.868s] [34mcolcon.colcon_core.shell[0m [1;30mINFO[0m Creating prefix chain script '/home/bitdrones/ros2_ws/src/reach_avoid_nv1/install/setup.zsh'
